<?xml version="1.0" encoding="UTF-8"?>
<testng-results ignored="0" total="2" passed="2" failed="0" skipped="0">
  <reporter-output>
  </reporter-output>
  <suite started-at="2024-05-17T12:09:17 IST" name="Default suite" finished-at="2024-05-17T12:09:45 IST" duration-ms="27243">
    <groups>
    </groups>
    <test started-at="2024-05-17T12:09:17 IST" name="Default test" finished-at="2024-05-17T12:09:45 IST" duration-ms="27243">
      <class name="ParallelTestNg.letcode2">
        <test-method signature="Instalogin()[pri:0, instance:ParallelTestNg.letcode2@69e1dd28]" started-at="2024-05-17T12:09:17 IST" name="Instalogin" finished-at="2024-05-17T12:09:29 IST" duration-ms="11845" status="PASS">
          <reporter-output>
          </reporter-output>
        </test-method> <!-- Instalogin -->
        <test-method signature="Letcodelogin1()[pri:0, instance:ParallelTestNg.letcode2@69e1dd28]" started-at="2024-05-17T12:09:29 IST" name="Letcodelogin1" finished-at="2024-05-17T12:09:45 IST" duration-ms="15342" status="PASS">
          <reporter-output>
          </reporter-output>
        </test-method> <!-- Letcodelogin1 -->
      </class> <!-- ParallelTestNg.letcode2 -->
    </test> <!-- Default test -->
  </suite> <!-- Default suite -->
</testng-results>
