<?xml version="1.0" encoding="UTF-8"?>
<!-- Generated by org.testng.reporters.JUnitXMLReporter -->
<testsuite ignored="0" hostname="Raj" failures="0" tests="1" name="ChromeTest" time="0.077" errors="0" timestamp="2023-09-12T13:03:06 IST">
  <testcase classname="Parameters.BrowserTest" name="@BeforeTest openbrowser" time="0.015">
    <failure type="java.lang.Exception" message="Invalid browser">
      <![CDATA[java.lang.Exception: Invalid browser
at Parameters.BrowserTest.openbrowser(BrowserTest.java:53)
at java.base/java.util.concurrent.FutureTask.run(FutureTask.java:264)
at java.base/java.util.concurrent.ThreadPoolExecutor.runWorker(ThreadPoolExecutor.java:1130)
at java.base/java.util.concurrent.ThreadPoolExecutor$Worker.run(ThreadPoolExecutor.java:630)
at java.base/java.lang.Thread.run(Thread.java:831)
... Removed 15 stack frames]]>
    </failure>
  </testcase> <!-- @BeforeTest openbrowser -->
  <testcase classname="Parameters.BrowserTest" name="@AfterTest close" time="-1.694503986172E9">
    <skipped/>
  </testcase> <!-- @AfterTest close -->
  <testcase classname="Parameters.BrowserTest" name="opengoogle" time="0.001">
    <skipped/>
  </testcase> <!-- opengoogle -->
</testsuite> <!-- ChromeTest -->
