<?xml version="1.0" encoding="UTF-8"?>
<!-- Generated by org.testng.reporters.JUnitXMLReporter -->
<testsuite ignored="0" hostname="Raj" failures="1" tests="1" name="firefox Test" time="0.055" errors="0" timestamp="2022-09-22T20:16:41 IST">
  <testcase classname="Parameters.Parameterss" name="loginpara" time="0.0">
    <failure type="org.testng.TestNGException" message="
Parameter &amp;apos;emailID&amp;apos; is required by @Test on method loginpara but has not been marked @Optional or defined
in C:\Users\rkche\OneDrive\Desktop\JAVA NEW\eclipse\selenium projecttttt\first project\TestNGFramework\cross.xml">
      <![CDATA[org.testng.TestNGException: 
Parameter 'emailID' is required by @Test on method loginpara but has not been marked @Optional or defined
in C:\Users\rkche\OneDrive\Desktop\JAVA NEW\eclipse\selenium projecttttt\first project\TestNGFramework\cross.xml
at java.base/java.util.ArrayList.forEach(ArrayList.java:1511)
... Removed 26 stack frames]]>
    </failure>
  </testcase> <!-- loginpara -->
</testsuite> <!-- firefox Test -->
