<?xml version="1.0" encoding="UTF-8"?>
<!-- Generated by org.testng.reporters.JUnitXMLReporter -->
<testsuite ignored="0" hostname="Raj" failures="0" tests="4" name="Login Test Cases" time="54.519" errors="0" timestamp="2022-11-03T20:48:56 IST">
  <testcase classname="DataDriven.Bothwrong" name="letcodeloginDataFramework" time="16.559"/>
  <testcase classname="DataDriven.CorrectEmail" name="letcodeloginDataFramework" time="15.247"/>
  <testcase classname="DataDriven.CorrectPassword" name="letcodeloginDataFramework" time="11.352"/>
  <testcase classname="DataDriven.BothCorrect" name="letcodeloginDataFramework" time="11.3"/>
</testsuite> <!-- Login Test Cases -->
